<?xml version="1.0" encoding="UTF-8"?>
<testsuite name="RestTests" tests="1" skipped="0" failures="0" errors="0" timestamp="2023-03-10T22:23:33" hostname="DESKTOP-T1L377U" time="4.769">
  <properties/>
  <testcase name="updateUser()" classname="RestTests" time="4.769"/>
  <system-out><![CDATA[{
    "updatedAt": "2023-03-10T22:23:35.668Z"
}
]]></system-out>
  <system-err><![CDATA[]]></system-err>
</testsuite>
