<?xml version="1.0" encoding="UTF-8"?>
<testsuite name="RestTests" tests="1" skipped="0" failures="0" errors="0" timestamp="2023-03-08T20:26:12" hostname="DESKTOP-T1L377U" time="3.374">
  <properties/>
  <testcase name="updateUser()" classname="RestTests" time="3.374"/>
  <system-out><![CDATA[HTTP/1.1 200 OK
Date: Wed, 08 Mar 2023 20:26:14 GMT
Content-Type: application/json; charset=utf-8
Content-Length: 40
Connection: keep-alive
X-Powered-By: Express
Access-Control-Allow-Origin: *
Etag: W/"28-3AUZ7kMr2cnHd2B5vY8KKmdUUD4"
Via: 1.1 vegur
CF-Cache-Status: DYNAMIC
Report-To: {"endpoints":[{"url":"https:\/\/a.nel.cloudflare.com\/report\/v3?s=Bj8QMz8uPaZuctudXOAbFjeSBUqitnXSo%2BMnkmrtrtg7e05PsgHvWswa50UoDorveJziYpXpzHBwrMUuHgIfzO9aDVI6M%2BxV5tRKQ7vHFNnSKa%2BQFNiYNYHNFg%3D%3D"}],"group":"cf-nel","max_age":604800}
NEL: {"success_fraction":0,"report_to":"cf-nel","max_age":604800}
Vary: Accept-Encoding
Server: cloudflare
CF-RAY: 7a4dcfdfef1fbc13-VNO

{
    "updatedAt": "2023-03-08T20:26:14.491Z"
}
]]></system-out>
  <system-err><![CDATA[]]></system-err>
</testsuite>
