<?xml version="1.0" encoding="UTF-8"?>
<testsuite name="RestTests" tests="1" skipped="0" failures="0" errors="0" timestamp="2023-03-02T21:45:07" hostname="DESKTOP-T1L377U" time="1.94">
  <properties/>
  <testcase name="createNewUser()" classname="RestTests" time="1.94"/>
  <system-out><![CDATA[{
    "id": "653",
    "createdAt": "2023-03-02T21:45:09.776Z"
}
]]></system-out>
  <system-err><![CDATA[]]></system-err>
</testsuite>
